0 verbose cli /usr/local/bin/node /usr/local/bin/npm
1 info using npm@10.8.2
2 info using node@v20.19.1
3 silly config load:file:/usr/local/lib/node_modules/npm/npmrc
4 silly config load:file:/home/user/.npmrc
5 silly config load:file:/usr/local/etc/npmrc
6 verbose title npm install expo-video expo-audio
7 verbose argv "install" "expo-video" "expo-audio" "--legacy-peer-deps"
8 verbose logfile logs-max:10 dir:/home/user/.npm/_logs/2025-07-02T01_46_07_194Z-
9 verbose logfile /home/user/.npm/_logs/2025-07-02T01_46_07_194Z-debug-0.log
10 silly packumentCache heap:530317312 maxSize:132579328 maxEntrySize:66289664
11 silly logfile start cleaning logs, removing 1 files
12 silly logfile done cleaning log files
13 silly idealTree buildDeps
14 silly fetch manifest expo-video@*
15 silly packumentCache full:https://registry.npmjs.org/expo-video cache-miss
16 http fetch GET 200 https://registry.npmjs.org/expo-video 833ms (cache miss)
17 silly packumentCache full:https://registry.npmjs.org/expo-video set size:undefined disposed:false
18 silly fetch manifest expo-audio@*
19 silly packumentCache full:https://registry.npmjs.org/expo-audio cache-miss
20 http fetch GET 200 https://registry.npmjs.org/expo-audio 128ms (cache miss)
21 silly packumentCache full:https://registry.npmjs.org/expo-audio set size:undefined disposed:false
22 silly placeDep ROOT expo-audio@0.4.7 OK for: blink-expo-starter@1.0.0 want: *
23 silly placeDep ROOT expo-video@2.2.2 OK for: blink-expo-starter@1.0.0 want: *
24 silly reify mark retired [
24 silly reify   '/home/user/node_modules/@babel/plugin-bugfix-firefox-class-in-computed-class-key'
24 silly reify ]
25 silly reify mark retired [
25 silly reify   '/home/user/node_modules/@babel/plugin-bugfix-safari-class-field-initializer-scope'
25 silly reify ]
26 silly reify mark retired [
26 silly reify   '/home/user/node_modules/@babel/plugin-bugfix-safari-id-destructuring-collision-in-function-expression'
26 silly reify ]
27 silly reify mark retired [
27 silly reify   '/home/user/node_modules/@babel/plugin-bugfix-v8-spread-parameters-in-optional-chaining'
27 silly reify ]
28 silly reify mark retired [
28 silly reify   '/home/user/node_modules/@babel/plugin-bugfix-v8-static-class-fields-redefine-readonly'
28 silly reify ]
29 silly reify mark retired [
29 silly reify   '/home/user/node_modules/@babel/plugin-proposal-private-property-in-object'
29 silly reify ]
30 silly reify mark retired [ '/home/user/node_modules/@babel/plugin-syntax-import-assertions' ]
31 silly reify mark retired [ '/home/user/node_modules/@babel/plugin-syntax-unicode-sets-regex' ]
32 silly reify mark retired [
32 silly reify   '/home/user/node_modules/@babel/plugin-transform-block-scoped-functions'
32 silly reify ]
33 silly reify mark retired [
33 silly reify   '/home/user/node_modules/@babel/plugin-transform-class-static-block'
33 silly reify ]
34 silly reify mark retired [ '/home/user/node_modules/@babel/plugin-transform-dotall-regex' ]
35 silly reify mark retired [ '/home/user/node_modules/@babel/plugin-transform-duplicate-keys' ]
36 silly reify mark retired [
36 silly reify   '/home/user/node_modules/@babel/plugin-transform-duplicate-named-capturing-groups-regex'
36 silly reify ]
37 silly reify mark retired [ '/home/user/node_modules/@babel/plugin-transform-dynamic-import' ]
38 silly reify mark retired [
38 silly reify   '/home/user/node_modules/@babel/plugin-transform-exponentiation-operator'
38 silly reify ]
39 silly reify mark retired [ '/home/user/node_modules/@babel/plugin-transform-json-strings' ]
40 silly reify mark retired [
40 silly reify   '/home/user/node_modules/@babel/plugin-transform-member-expression-literals'
40 silly reify ]
41 silly reify mark retired [ '/home/user/node_modules/@babel/plugin-transform-modules-amd' ]
42 silly reify mark retired [ '/home/user/node_modules/@babel/plugin-transform-modules-systemjs' ]
43 silly reify mark retired [ '/home/user/node_modules/@babel/plugin-transform-modules-umd' ]
44 silly reify mark retired [ '/home/user/node_modules/@babel/plugin-transform-new-target' ]
45 silly reify mark retired [ '/home/user/node_modules/@babel/plugin-transform-object-super' ]
46 silly reify mark retired [ '/home/user/node_modules/@babel/plugin-transform-property-literals' ]
47 silly reify mark retired [ '/home/user/node_modules/@babel/plugin-transform-regexp-modifiers' ]
48 silly reify mark retired [ '/home/user/node_modules/@babel/plugin-transform-reserved-words' ]
49 silly reify mark retired [ '/home/user/node_modules/@babel/plugin-transform-typeof-symbol' ]
50 silly reify mark retired [ '/home/user/node_modules/@babel/plugin-transform-unicode-escapes' ]
51 silly reify mark retired [
51 silly reify   '/home/user/node_modules/@babel/plugin-transform-unicode-property-regex'
51 silly reify ]
52 silly reify mark retired [
52 silly reify   '/home/user/node_modules/@babel/plugin-transform-unicode-sets-regex'
52 silly reify ]
53 silly reify mark retired [ '/home/user/node_modules/@babel/preset-env' ]
54 silly reify mark retired [ '/home/user/node_modules/@babel/preset-modules' ]
55 silly reify mark retired [ '/home/user/node_modules/esutils' ]
56 silly reify moves {
56 silly reify   '/home/user/node_modules/@babel/plugin-bugfix-firefox-class-in-computed-class-key': '/home/user/node_modules/@babel/.plugin-bugfix-firefox-class-in-computed-class-key-zWaOCK8W',
56 silly reify   '/home/user/node_modules/@babel/plugin-bugfix-safari-class-field-initializer-scope': '/home/user/node_modules/@babel/.plugin-bugfix-safari-class-field-initializer-scope-lfrZkIll',
56 silly reify   '/home/user/node_modules/@babel/plugin-bugfix-safari-id-destructuring-collision-in-function-expression': '/home/user/node_modules/@babel/.plugin-bugfix-safari-id-destructuring-collision-in-function-expression-pI7i5lza',
56 silly reify   '/home/user/node_modules/@babel/plugin-bugfix-v8-spread-parameters-in-optional-chaining': '/home/user/node_modules/@babel/.plugin-bugfix-v8-spread-parameters-in-optional-chaining-YLXS32L5',
56 silly reify   '/home/user/node_modules/@babel/plugin-bugfix-v8-static-class-fields-redefine-readonly': '/home/user/node_modules/@babel/.plugin-bugfix-v8-static-class-fields-redefine-readonly-PUyAD48c',
56 silly reify   '/home/user/node_modules/@babel/plugin-proposal-private-property-in-object': '/home/user/node_modules/@babel/.plugin-proposal-private-property-in-object-J0lQIhL4',
56 silly reify   '/home/user/node_modules/@babel/plugin-syntax-import-assertions': '/home/user/node_modules/@babel/.plugin-syntax-import-assertions-5Tp5mIzS',
56 silly reify   '/home/user/node_modules/@babel/plugin-syntax-unicode-sets-regex': '/home/user/node_modules/@babel/.plugin-syntax-unicode-sets-regex-TXdAf7Ua',
56 silly reify   '/home/user/node_modules/@babel/plugin-transform-block-scoped-functions': '/home/user/node_modules/@babel/.plugin-transform-block-scoped-functions-GBEMVS61',
56 silly reify   '/home/user/node_modules/@babel/plugin-transform-class-static-block': '/home/user/node_modules/@babel/.plugin-transform-class-static-block-6RVZuIlS',
56 silly reify   '/home/user/node_modules/@babel/plugin-transform-dotall-regex': '/home/user/node_modules/@babel/.plugin-transform-dotall-regex-xXfruVbI',
56 silly reify   '/home/user/node_modules/@babel/plugin-transform-duplicate-keys': '/home/user/node_modules/@babel/.plugin-transform-duplicate-keys-M5aImmrV',
56 silly reify   '/home/user/node_modules/@babel/plugin-transform-duplicate-named-capturing-groups-regex': '/home/user/node_modules/@babel/.plugin-transform-duplicate-named-capturing-groups-regex-ezpeNVaU',
56 silly reify   '/home/user/node_modules/@babel/plugin-transform-dynamic-import': '/home/user/node_modules/@babel/.plugin-transform-dynamic-import-sVTvrje3',
56 silly reify   '/home/user/node_modules/@babel/plugin-transform-exponentiation-operator': '/home/user/node_modules/@babel/.plugin-transform-exponentiation-operator-HRX2eW7A',
56 silly reify   '/home/user/node_modules/@babel/plugin-transform-json-strings': '/home/user/node_modules/@babel/.plugin-transform-json-strings-BpYcjCDX',
56 silly reify   '/home/user/node_modules/@babel/plugin-transform-member-expression-literals': '/home/user/node_modules/@babel/.plugin-transform-member-expression-literals-QKp0OHvu',
56 silly reify   '/home/user/node_modules/@babel/plugin-transform-modules-amd': '/home/user/node_modules/@babel/.plugin-transform-modules-amd-ojRQRoUt',
56 silly reify   '/home/user/node_modules/@babel/plugin-transform-modules-systemjs': '/home/user/node_modules/@babel/.plugin-transform-modules-systemjs-AVDPo1r2',
56 silly reify   '/home/user/node_modules/@babel/plugin-transform-modules-umd': '/home/user/node_modules/@babel/.plugin-transform-modules-umd-7iOpQ1kb',
56 silly reify   '/home/user/node_modules/@babel/plugin-transform-new-target': '/home/user/node_modules/@babel/.plugin-transform-new-target-HmihTAq4',
56 silly reify   '/home/user/node_modules/@babel/plugin-transform-object-super': '/home/user/node_modules/@babel/.plugin-transform-object-super-W9sFvGFi',
56 silly reify   '/home/user/node_modules/@babel/plugin-transform-property-literals': '/home/user/node_modules/@babel/.plugin-transform-property-literals-TlGL7ywx',
56 silly reify   '/home/user/node_modules/@babel/plugin-transform-regexp-modifiers': '/home/user/node_modules/@babel/.plugin-transform-regexp-modifiers-MEhaWLma',
56 silly reify   '/home/user/node_modules/@babel/plugin-transform-reserved-words': '/home/user/node_modules/@babel/.plugin-transform-reserved-words-1Bx5iHXh',
56 silly reify   '/home/user/node_modules/@babel/plugin-transform-typeof-symbol': '/home/user/node_modules/@babel/.plugin-transform-typeof-symbol-0LyEKVN5',
56 silly reify   '/home/user/node_modules/@babel/plugin-transform-unicode-escapes': '/home/user/node_modules/@babel/.plugin-transform-unicode-escapes-rZL7VmJe',
56 silly reify   '/home/user/node_modules/@babel/plugin-transform-unicode-property-regex': '/home/user/node_modules/@babel/.plugin-transform-unicode-property-regex-FhuXFSJu',
56 silly reify   '/home/user/node_modules/@babel/plugin-transform-unicode-sets-regex': '/home/user/node_modules/@babel/.plugin-transform-unicode-sets-regex-cskufOr0',
56 silly reify   '/home/user/node_modules/@babel/preset-env': '/home/user/node_modules/@babel/.preset-env-m1wCJcyy',
56 silly reify   '/home/user/node_modules/@babel/preset-modules': '/home/user/node_modules/@babel/.preset-modules-McGiQB6i',
56 silly reify   '/home/user/node_modules/esutils': '/home/user/node_modules/.esutils-QUK7lmGr'
56 silly reify }
57 silly audit bulk request {
57 silly audit   '@0no-co/graphql.web': [ '1.0.13' ],
57 silly audit   '@ampproject/remapping': [ '2.3.0' ],
57 silly audit   '@babel/code-frame': [ '7.27.1', '7.10.4' ],
57 silly audit   '@babel/compat-data': [ '7.27.7' ],
57 silly audit   '@babel/core': [ '7.26.8' ],
57 silly audit   '@babel/generator': [ '7.27.5' ],
57 silly audit   '@babel/helper-annotate-as-pure': [ '7.27.3' ],
57 silly audit   '@babel/helper-compilation-targets': [ '7.27.2' ],
57 silly audit   '@babel/helper-create-class-features-plugin': [ '7.27.1' ],
57 silly audit   '@babel/helper-create-regexp-features-plugin': [ '7.27.1' ],
57 silly audit   '@babel/helper-define-polyfill-provider': [ '0.6.3' ],
57 silly audit   '@babel/helper-member-expression-to-functions': [ '7.27.1' ],
57 silly audit   '@babel/helper-module-imports': [ '7.27.1' ],
57 silly audit   '@babel/helper-module-transforms': [ '7.27.3' ],
57 silly audit   '@babel/helper-optimise-call-expression': [ '7.27.1' ],
57 silly audit   '@babel/helper-plugin-utils': [ '7.27.1' ],
57 silly audit   '@babel/helper-remap-async-to-generator': [ '7.27.1' ],
57 silly audit   '@babel/helper-replace-supers': [ '7.27.1' ],
57 silly audit   '@babel/helper-skip-transparent-expression-wrappers': [ '7.27.1' ],
57 silly audit   '@babel/helper-string-parser': [ '7.27.1' ],
57 silly audit   '@babel/helper-validator-identifier': [ '7.27.1' ],
57 silly audit   '@babel/helper-validator-option': [ '7.27.1' ],
57 silly audit   '@babel/helper-wrap-function': [ '7.27.1' ],
57 silly audit   '@babel/helpers': [ '7.26.7' ],
57 silly audit   '@babel/highlight': [ '7.25.9' ],
57 silly audit   'ansi-styles': [ '3.2.1', '6.2.1', '4.3.0', '5.2.0' ],
57 silly audit   chalk: [ '2.4.2', '4.1.2' ],
57 silly audit   'color-convert': [ '1.9.3', '2.0.1' ],
57 silly audit   'color-name': [ '1.1.3', '1.1.4' ],
57 silly audit   'escape-string-regexp': [ '1.0.5', '4.0.0', '2.0.0' ],
57 silly audit   'has-flag': [ '3.0.0', '4.0.0' ],
57 silly audit   'supports-color': [ '5.5.0', '8.1.1', '7.2.0' ],
57 silly audit   '@babel/parser': [ '7.27.7' ],
57 silly audit   '@babel/plugin-proposal-class-properties': [ '7.18.6' ],
57 silly audit   '@babel/plugin-proposal-decorators': [ '7.25.9' ],
57 silly audit   '@babel/plugin-proposal-export-default-from': [ '7.25.9' ],
57 silly audit   '@babel/plugin-proposal-nullish-coalescing-operator': [ '7.18.6' ],
57 silly audit   '@babel/plugin-proposal-optional-chaining': [ '7.21.0' ],
57 silly audit   '@babel/plugin-syntax-async-generators': [ '7.8.4' ],
57 silly audit   '@babel/plugin-syntax-bigint': [ '7.8.3' ],
57 silly audit   '@babel/plugin-syntax-class-properties': [ '7.12.13' ],
57 silly audit   '@babel/plugin-syntax-class-static-block': [ '7.14.5' ],
57 silly audit   '@babel/plugin-syntax-decorators': [ '7.25.9' ],
57 silly audit   '@babel/plugin-syntax-dynamic-import': [ '7.8.3' ],
57 silly audit   '@babel/plugin-syntax-export-default-from': [ '7.25.9' ],
57 silly audit   '@babel/plugin-syntax-flow': [ '7.26.0' ],
57 silly audit   '@babel/plugin-syntax-import-attributes': [ '7.27.1' ],
57 silly audit   '@babel/plugin-syntax-import-meta': [ '7.10.4' ],
57 silly audit   '@babel/plugin-syntax-json-strings': [ '7.8.3' ],
57 silly audit   '@babel/plugin-syntax-jsx': [ '7.25.9' ],
57 silly audit   '@babel/plugin-syntax-logical-assignment-operators': [ '7.10.4' ],
57 silly audit   '@babel/plugin-syntax-nullish-coalescing-operator': [ '7.8.3' ],
57 silly audit   '@babel/plugin-syntax-numeric-separator': [ '7.10.4' ],
57 silly audit   '@babel/plugin-syntax-object-rest-spread': [ '7.8.3' ],
57 silly audit   '@babel/plugin-syntax-optional-catch-binding': [ '7.8.3' ],
57 silly audit   '@babel/plugin-syntax-optional-chaining': [ '7.8.3' ],
57 silly audit   '@babel/plugin-syntax-private-property-in-object': [ '7.14.5' ],
57 silly audit   '@babel/plugin-syntax-top-level-await': [ '7.14.5' ],
57 silly audit   '@babel/plugin-syntax-typescript': [ '7.25.9' ],
57 silly audit   '@babel/plugin-transform-arrow-functions': [ '7.27.1' ],
57 silly audit   '@babel/plugin-transform-async-generator-functions': [ '7.27.1' ],
57 silly audit   '@babel/plugin-transform-async-to-generator': [ '7.27.1' ],
57 silly audit   '@babel/plugin-transform-block-scoping': [ '7.27.5' ],
57 silly audit   '@babel/plugin-transform-class-properties': [ '7.27.1' ],
57 silly audit   '@babel/plugin-transform-classes': [ '7.27.7' ],
57 silly audit   '@babel/plugin-transform-computed-properties': [ '7.27.1' ],
57 silly audit   '@babel/plugin-transform-destructuring': [ '7.27.7' ],
57 silly audit   '@babel/plugin-transform-export-namespace-from': [ '7.27.1' ],
57 silly audit   '@babel/plugin-transform-flow-strip-types': [ '7.26.5' ],
57 silly audit   '@babel/plugin-transform-for-of': [ '7.27.1' ],
57 silly audit   '@babel/plugin-transform-function-name': [ '7.27.1' ],
57 silly audit   '@babel/plugin-transform-literals': [ '7.27.1' ],
57 silly audit   '@babel/plugin-transform-logical-assignment-operators': [ '7.27.1' ],
57 silly audit   '@babel/plugin-transform-modules-commonjs': [ '7.27.1' ],
57 silly audit   '@babel/plugin-transform-named-capturing-groups-regex': [ '7.27.1' ],
57 silly audit   '@babel/plugin-transform-nullish-coalescing-operator': [ '7.27.1' ],
57 silly audit   '@babel/plugin-transform-numeric-separator': [ '7.27.1' ],
57 silly audit   '@babel/plugin-transform-object-rest-spread': [ '7.27.7' ],
57 silly audit   '@babel/plugin-transform-optional-catch-binding': [ '7.27.1' ],
57 silly audit   '@babel/plugin-transform-optional-chaining': [ '7.27.1' ],
57 silly audit   '@babel/plugin-transform-parameters': [ '7.27.7' ],
57 silly audit   '@babel/plugin-transform-private-methods': [ '7.27.1' ],
57 silly audit   '@babel/plugin-transform-private-property-in-object': [ '7.27.1' ],
57 silly audit   '@babel/plugin-transform-react-display-name': [ '7.25.9' ],
57 silly audit   '@babel/plugin-transform-react-jsx': [ '7.25.9' ],
57 silly audit   '@babel/plugin-transform-react-jsx-development': [ '7.25.9' ],
57 silly audit   '@babel/plugin-transform-react-jsx-self': [ '7.25.9' ],
57 silly audit   '@babel/plugin-transform-react-jsx-source': [ '7.25.9' ],
57 silly audit   '@babel/plugin-transform-react-pure-annotations': [ '7.25.9' ],
57 silly audit   '@babel/plugin-transform-regenerator': [ '7.27.5' ],
57 silly audit   '@babel/plugin-transform-runtime': [ '7.26.8' ],
57 silly audit   '@babel/plugin-transform-shorthand-properties': [ '7.27.1' ],
57 silly audit   '@babel/plugin-transform-spread': [ '7.27.1' ],
57 silly audit   '@babel/plugin-transform-sticky-regex': [ '7.27.1' ],
57 silly audit   '@babel/plugin-transform-template-literals': [ '7.27.1' ],
57 silly audit   '@babel/plugin-transform-typescript': [ '7.26.8' ],
57 silly audit   '@babel/plugin-transform-unicode-regex': [ '7.27.1' ],
57 silly audit   'babel-plugin-polyfill-corejs3': [ '0.10.6' ],
57 silly audit   '@babel/preset-flow': [ '7.25.9' ],
57 silly audit   '@babel/preset-react': [ '7.26.3' ],
57 silly audit   '@babel/preset-typescript': [ '7.26.0' ],
57 silly audit   '@babel/register': [ '7.25.9' ],
57 silly audit   '@babel/runtime': [ '7.26.7' ],
57 silly audit   '@babel/template': [ '7.27.2' ],
57 silly audit   '@babel/traverse': [ '7.27.7', '7.26.8' ],
57 silly audit   '@babel/types': [ '7.27.7' ],
57 silly audit   '@egjs/hammerjs': [ '2.0.17' ],
57 silly audit   '@expo/bunyan': [ '4.0.1' ],
57 silly audit   '@expo/cli': [ '0.22.15' ],
57 silly audit   semver: [ '7.7.1', '5.7.2', '7.6.3', '6.3.1' ],
57 silly audit   '@expo/code-signing-certificates': [ '0.0.5' ],
57 silly audit   '@expo/config': [ '10.0.9' ],
57 silly audit   '@expo/config-plugins': [ '9.0.15' ],
57 silly audit   '@expo/config-types': [ '52.0.4' ],
57 silly audit   '@expo/devcert': [ '1.1.4' ],
57 silly audit   debug: [ '3.2.7', '2.6.9', '4.4.0' ],
57 silly audit   '@expo/env': [ '0.4.1' ],
57 silly audit   '@expo/fingerprint': [ '0.11.9' ],
57 silly audit   '@expo/image-utils': [ '0.6.4' ],
57 silly audit   'fs-extra': [ '9.0.0', '9.1.0', '8.1.0' ],
57 silly audit   jsonfile: [ '6.1.0', '4.0.0' ],
57 silly audit   universalify: [ '2.0.1', '1.0.0', '0.1.2' ],
57 silly audit   '@expo/json-file': [ '9.0.1' ],
57 silly audit   '@expo/metro-config': [ '0.19.9' ],
57 silly audit   '@expo/metro-runtime': [ '4.0.1' ],
57 silly audit   '@expo/osascript': [ '2.1.5' ],
57 silly audit   '@expo/package-manager': [ '1.7.1' ],
57 silly audit   'sudo-prompt': [ '9.1.1', '8.2.5' ],
57 silly audit   '@expo/plist': [ '0.2.1' ],
57 silly audit   '@expo/prebuild-config': [ '8.0.26' ],
57 silly audit   '@expo/rudder-sdk-node': [ '1.1.1' ],
57 silly audit   '@expo/sdk-runtime-versions': [ '1.0.0' ],
57 silly audit   '@expo/server': [ '0.5.1' ],
57 silly audit   '@expo/spawn-async': [ '1.7.2' ],
57 silly audit   '@expo/vector-icons': [ '14.0.4' ],
57 silly audit   '@expo/ws-tunnel': [ '1.0.6' ],
57 silly audit   '@expo/xcpretty': [ '4.3.2' ],
57 silly audit   argparse: [ '2.0.1', '1.0.10' ],
57 silly audit   'js-yaml': [ '4.1.0', '3.14.1' ],
57 silly audit   '@isaacs/cliui': [ '8.0.2' ],
57 silly audit   'wrap-ansi': [ '8.1.0', '7.0.0' ],
57 silly audit   '@isaacs/ttlcache': [ '1.4.1' ],
57 silly audit   '@istanbuljs/load-nyc-config': [ '1.1.0' ],
57 silly audit   'find-up': [ '4.1.0', '5.0.0', '3.0.0' ],
57 silly audit   'locate-path': [ '5.0.0', '6.0.0', '3.0.0' ],
57 silly audit   'p-limit': [ '2.3.0', '3.1.0' ],
57 silly audit   'p-locate': [ '4.1.0', '5.0.0', '3.0.0' ],
57 silly audit   '@istanbuljs/schema': [ '0.1.3' ],
57 silly audit   '@jest/create-cache-key-function': [ '29.7.0' ],
57 silly audit   '@jest/environment': [ '29.7.0' ],
57 silly audit   '@jest/fake-timers': [ '29.7.0' ],
57 silly audit   '@jest/schemas': [ '29.6.3' ],
57 silly audit   '@jest/transform': [ '29.7.0' ],
57 silly audit   'signal-exit': [ '3.0.7', '4.1.0' ],
57 silly audit   'write-file-atomic': [ '4.0.2', '2.4.3' ],
57 silly audit   '@jest/types': [ '29.6.3' ],
57 silly audit   '@jridgewell/gen-mapping': [ '0.3.8' ],
57 silly audit   '@jridgewell/resolve-uri': [ '3.1.2' ],
57 silly audit   '@jridgewell/set-array': [ '1.2.1' ],
57 silly audit   '@jridgewell/source-map': [ '0.3.6' ],
57 silly audit   '@jridgewell/sourcemap-codec': [ '1.5.0' ],
57 silly audit   '@jridgewell/trace-mapping': [ '0.3.25' ],
57 silly audit   '@lucide/lab': [ '0.1.2' ],
57 silly audit   '@nodelib/fs.scandir': [ '2.1.5' ],
57 silly audit   '@nodelib/fs.stat': [ '2.0.5' ],
57 silly audit   '@nodelib/fs.walk': [ '1.2.8' ],
57 silly audit   '@npmcli/fs': [ '3.1.1' ],
57 silly audit   '@pkgjs/parseargs': [ '0.11.0' ],
57 silly audit   '@radix-ui/react-compose-refs': [ '1.0.0' ],
57 silly audit   '@radix-ui/react-slot': [ '1.0.1' ],
57 silly audit   '@react-native/assets-registry': [ '0.76.6' ],
57 silly audit   '@react-native/babel-plugin-codegen': [ '0.76.7', '0.76.6' ],
57 silly audit   '@react-native/babel-preset': [ '0.76.7', '0.76.6' ],
57 silly audit   '@react-native/codegen': [ '0.76.7', '0.76.6' ],
57 silly audit   glob: [ '7.2.3', '10.4.5' ],
57 silly audit   '@react-native/community-cli-plugin': [ '0.76.6' ],
57 silly audit   '@react-native/debugger-frontend': [ '0.76.6', '0.76.7' ],
57 silly audit   '@react-native/dev-middleware': [ '0.76.6', '0.76.7' ],
57 silly audit   execa: [ '5.1.1', '1.0.0' ],
57 silly audit   'get-stream': [ '6.0.1', '4.1.0' ],
57 silly audit   'is-stream': [ '2.0.1', '1.1.0' ],
57 silly audit   'mimic-fn': [ '2.1.0', '1.2.0' ],
57 silly audit   ms: [ '2.0.0', '2.1.3' ],
57 silly audit   'npm-run-path': [ '4.0.1', '2.0.2' ],
57 silly audit   onetime: [ '5.1.2', '2.0.1' ],
57 silly audit   ws: [ '6.2.3', '7.5.10', '8.18.0' ],
57 silly audit   '@react-native/gradle-plugin': [ '0.76.6' ],
57 silly audit   '@react-native/js-polyfills': [ '0.76.6' ],
57 silly audit   '@react-native/metro-babel-transformer': [ '0.76.6' ],
57 silly audit   '@react-native/normalize-colors': [ '0.76.7', '0.74.89', '0.76.6' ],
57 silly audit   '@react-native/virtualized-lists': [ '0.76.6' ],
57 silly audit   '@react-navigation/bottom-tabs': [ '7.2.0' ],
57 silly audit   '@react-navigation/core': [ '7.3.1' ],
57 silly audit   '@react-navigation/elements': [ '2.2.5' ],
57 silly audit   '@react-navigation/native': [ '7.0.14' ],
57 silly audit   '@react-navigation/native-stack': [ '7.2.0' ],
57 silly audit   '@react-navigation/routers': [ '7.1.2' ],
57 silly audit   '@remix-run/node': [ '2.15.3' ],
57 silly audit   '@remix-run/router': [ '1.22.0' ],
57 silly audit   '@remix-run/server-runtime': [ '2.15.3' ],
57 silly audit   '@remix-run/web-blob': [ '3.1.0' ],
57 silly audit   '@remix-run/web-fetch': [ '4.4.2' ],
57 silly audit   '@remix-run/web-file': [ '3.1.0' ],
57 silly audit   '@remix-run/web-form-data': [ '3.1.0' ],
57 silly audit   '@remix-run/web-stream': [ '1.1.0' ],
57 silly audit   '@segment/loosely-validate-event': [ '2.0.0' ],
57 silly audit   '@sinclair/typebox': [ '0.27.8' ],
57 silly audit   '@sinonjs/commons': [ '3.0.1' ],
57 silly audit   '@sinonjs/fake-timers': [ '10.3.0' ],
57 silly audit   '@types/babel__core': [ '7.20.5' ],
57 silly audit   '@types/babel__generator': [ '7.6.8' ],
57 silly audit   '@types/babel__template': [ '7.4.4' ],
57 silly audit   '@types/babel__traverse': [ '7.20.6' ],
57 silly audit   '@types/cookie': [ '0.6.0' ],
57 silly audit   '@types/gensync': [ '1.0.4' ],
57 silly audit   '@types/graceful-fs': [ '4.1.9' ],
57 silly audit   '@types/hammerjs': [ '2.0.46' ],
57 silly audit   '@types/istanbul-lib-coverage': [ '2.0.6' ],
57 silly audit   '@types/istanbul-lib-report': [ '3.0.3' ],
57 silly audit   '@types/istanbul-reports': [ '3.0.4' ],
57 silly audit   '@types/json-schema': [ '7.0.15' ],
57 silly audit   '@types/node': [ '22.13.1' ],
57 silly audit   '@types/node-forge': [ '1.3.11' ],
57 silly audit   '@types/prop-types': [ '15.7.14' ],
57 silly audit   '@types/react': [ '18.3.18' ],
57 silly audit   '@types/stack-utils': [ '2.0.3' ],
57 silly audit   '@types/yargs': [ '17.0.33' ],
57 silly audit   '@types/yargs-parser': [ '21.0.3' ],
57 silly audit   '@urql/core': [ '5.1.0' ],
57 silly audit   '@urql/exchange-retry': [ '1.3.0' ],
57 silly audit   '@web3-storage/multipart-parser': [ '1.0.0' ],
57 silly audit   '@xmldom/xmldom': [ '0.7.13', '0.8.10' ],
57 silly audit   '@zxing/text-encoding': [ '0.9.0' ],
57 silly audit   'abort-controller': [ '3.0.0' ],
57 silly audit   accepts: [ '1.3.8' ],
57 silly audit   acorn: [ '8.14.0' ],
57 silly audit   'aggregate-error': [ '3.1.0' ],
57 silly audit   ajv: [ '8.17.1' ],
57 silly audit   'ajv-formats': [ '2.1.1' ],
57 silly audit   'ajv-keywords': [ '5.1.0' ],
57 silly audit   anser: [ '1.4.10' ],
57 silly audit   'ansi-escapes': [ '4.3.2' ],
57 silly audit   'ansi-regex': [ '5.0.1', '4.1.1', '6.1.0' ],
57 silly audit   'any-promise': [ '1.3.0' ],
57 silly audit   anymatch: [ '3.1.3' ],
57 silly audit   picomatch: [ '2.3.1', '3.0.1' ],
57 silly audit   'application-config-path': [ '0.1.1' ],
57 silly audit   arg: [ '5.0.2' ],
57 silly audit   'array-union': [ '2.1.0' ],
57 silly audit   asap: [ '2.0.6' ],
57 silly audit   'ast-types': [ '0.15.2' ],
57 silly audit   'async-limiter': [ '1.0.1' ],
57 silly audit   asynckit: [ '0.4.0' ],
57 silly audit   'at-least-node': [ '1.0.0' ],
57 silly audit   'available-typed-arrays': [ '1.0.7' ],
57 silly audit   'babel-core': [ '7.0.0-bridge.0' ],
57 silly audit   'babel-jest': [ '29.7.0' ],
57 silly audit   'babel-plugin-istanbul': [ '6.1.1' ],
57 silly audit   'babel-plugin-jest-hoist': [ '29.6.3' ],
57 silly audit   'babel-plugin-polyfill-corejs2': [ '0.4.12' ],
57 silly audit   'babel-plugin-polyfill-regenerator': [ '0.6.3' ],
57 silly audit   'babel-plugin-react-native-web': [ '0.19.13' ],
57 silly audit   'babel-plugin-syntax-hermes-parser': [ '0.25.1', '0.23.1' ],
57 silly audit   'hermes-estree': [ '0.25.1', '0.23.1' ],
57 silly audit   'hermes-parser': [ '0.25.1', '0.23.1' ],
57 silly audit   'babel-plugin-transform-flow-enums': [ '0.0.2' ],
57 silly audit   'babel-preset-current-node-syntax': [ '1.1.0' ],
57 silly audit   'babel-preset-expo': [ '12.0.7' ],
57 silly audit   'babel-preset-jest': [ '29.6.3' ],
57 silly audit   'balanced-match': [ '1.0.2' ],
57 silly audit   'base64-js': [ '1.5.1' ],
57 silly audit   'better-opn': [ '3.0.2' ],
57 silly audit   open: [ '8.4.2', '7.4.2' ],
57 silly audit   'big-integer': [ '1.6.52' ],
57 silly audit   boolbase: [ '1.0.0' ],
57 silly audit   'bplist-creator': [ '0.0.7', '0.1.0' ],
57 silly audit   'bplist-parser': [ '0.3.2', '0.3.1' ],
57 silly audit   'brace-expansion': [ '1.1.11', '2.0.1' ],
57 silly audit   braces: [ '3.0.3' ],
57 silly audit   browserslist: [ '4.24.4' ],
57 silly audit   bser: [ '2.1.1' ],
57 silly audit   buffer: [ '5.7.1' ],
57 silly audit   'buffer-alloc': [ '1.2.0' ],
57 silly audit   'buffer-alloc-unsafe': [ '1.1.0' ],
57 silly audit   'buffer-fill': [ '1.0.0' ],
57 silly audit   'buffer-from': [ '1.1.2' ],
57 silly audit   bytes: [ '3.1.2' ],
57 silly audit   cacache: [ '18.0.4' ],
57 silly audit   'lru-cache': [ '10.4.3', '5.1.1' ],
57 silly audit   'call-bind': [ '1.0.8' ],
57 silly audit   'call-bind-apply-helpers': [ '1.0.1' ],
57 silly audit   'call-bound': [ '1.0.3' ],
57 silly audit   'caller-callsite': [ '2.0.0' ],
57 silly audit   'caller-path': [ '2.0.0' ],
57 silly audit   callsites: [ '2.0.0' ],
57 silly audit   camelcase: [ '5.3.1', '6.3.0' ],
57 silly audit   'caniuse-lite': [ '1.0.30001699' ],
57 silly audit   charenc: [ '0.0.2' ],
57 silly audit   chownr: [ '2.0.0' ],
57 silly audit   'chrome-launcher': [ '0.15.2' ],
57 silly audit   'chromium-edge-launcher': [ '0.2.0' ],
57 silly audit   mkdirp: [ '1.0.4', '0.5.6' ],
57 silly audit   'ci-info': [ '3.9.0', '2.0.0' ],
57 silly audit   'clean-stack': [ '2.2.0' ],
57 silly audit   'cli-cursor': [ '2.1.0' ],
57 silly audit   'cli-spinners': [ '2.9.2' ],
57 silly audit   'client-only': [ '0.0.1' ],
57 silly audit   cliui: [ '8.0.1' ],
57 silly audit   'emoji-regex': [ '8.0.0', '9.2.2' ],
57 silly audit   'string-width': [ '4.2.3', '5.1.2' ],
57 silly audit   'strip-ansi': [ '6.0.1', '5.2.0', '7.1.0' ],
57 silly audit   clone: [ '1.0.4' ],
57 silly audit   'clone-deep': [ '4.0.1' ],
57 silly audit   color: [ '4.2.3' ],
57 silly audit   'color-string': [ '1.9.1' ],
57 silly audit   'combined-stream': [ '1.0.8' ],
57 silly audit   'command-exists': [ '1.2.9' ],
57 silly audit   commander: [ '7.2.0', '12.1.0', '4.1.1', '2.20.3' ],
57 silly audit   commondir: [ '1.0.1' ],
57 silly audit   'component-type': [ '1.2.2' ],
57 silly audit   compressible: [ '2.0.18' ],
57 silly audit   compression: [ '1.8.0' ],
57 silly audit   negotiator: [ '0.6.4', '0.6.3' ],
57 silly audit   'concat-map': [ '0.0.1' ],
57 silly audit   connect: [ '3.7.0' ],
57 silly audit   'convert-source-map': [ '2.0.0' ],
57 silly audit   cookie: [ '0.6.0' ],
57 silly audit   'cookie-signature': [ '1.2.2' ],
57 silly audit   'core-js-compat': [ '3.40.0' ],
57 silly audit   cosmiconfig: [ '5.2.1' ],
57 silly audit   'cross-fetch': [ '3.2.0' ],
57 silly audit   'cross-spawn': [ '7.0.6', '6.0.6' ],
57 silly audit   crypt: [ '0.0.2' ],
57 silly audit   'crypto-random-string': [ '2.0.0' ],
57 silly audit   'css-in-js-utils': [ '3.1.0' ],
57 silly audit   'css-select': [ '5.1.0' ],
57 silly audit   'css-tree': [ '1.1.3' ],
57 silly audit   'source-map': [ '0.6.1', '0.5.7', '0.7.4' ],
57 silly audit   'css-what': [ '6.1.0' ],
57 silly audit   csstype: [ '3.1.3' ],
57 silly audit   'data-uri-to-buffer': [ '3.0.1' ],
57 silly audit   'decode-uri-component': [ '0.2.2' ],
57 silly audit   'deep-extend': [ '0.6.0' ],
57 silly audit   deepmerge: [ '4.3.1' ],
57 silly audit   'default-gateway': [ '4.2.0' ],
57 silly audit   defaults: [ '1.0.4' ],
57 silly audit   'define-data-property': [ '1.1.4' ],
57 silly audit   'define-lazy-prop': [ '2.0.0' ],
57 silly audit   del: [ '6.1.1' ],
57 silly audit   'delayed-stream': [ '1.0.0' ],
57 silly audit   depd: [ '2.0.0' ],
57 silly audit   destroy: [ '1.2.0' ],
57 silly audit   'detect-libc': [ '1.0.3' ],
57 silly audit   'dir-glob': [ '3.0.1' ],
57 silly audit   'dom-serializer': [ '2.0.0' ],
57 silly audit   domelementtype: [ '2.3.0' ],
57 silly audit   domhandler: [ '5.0.3' ],
57 silly audit   domutils: [ '3.2.2' ],
57 silly audit   dotenv: [ '16.4.7' ],
57 silly audit   'dotenv-expand': [ '11.0.7' ],
57 silly audit   'dunder-proto': [ '1.0.1' ],
57 silly audit   eastasianwidth: [ '0.2.0' ],
57 silly audit   'ee-first': [ '1.1.1' ],
57 silly audit   'electron-to-chromium': [ '1.5.97' ],
57 silly audit   encodeurl: [ '1.0.2', '2.0.0' ],
57 silly audit   'end-of-stream': [ '1.4.4' ],
57 silly audit   entities: [ '4.5.0' ],
57 silly audit   'env-editor': [ '0.4.2' ],
57 silly audit   eol: [ '0.9.1' ],
57 silly audit   'error-ex': [ '1.3.2' ],
57 silly audit   'error-stack-parser': [ '2.1.4' ],
57 silly audit   'es-define-property': [ '1.0.1' ],
57 silly audit   'es-errors': [ '1.3.0' ],
57 silly audit   'es-object-atoms': [ '1.1.1' ],
57 silly audit   escalade: [ '3.2.0' ],
57 silly audit   'escape-html': [ '1.0.3' ],
57 silly audit   esprima: [ '4.0.1' ],
57 silly audit   etag: [ '1.8.1' ],
57 silly audit   'event-target-shim': [ '5.0.1' ],
57 silly audit   'exec-async': [ '2.2.0' ],
57 silly audit   'path-key': [ '2.0.1', '3.1.1' ],
57 silly audit   'shebang-command': [ '1.2.0', '2.0.0' ],
57 silly audit   'shebang-regex': [ '1.0.0', '3.0.0' ],
57 silly audit   which: [ '1.3.1', '2.0.2' ],
57 silly audit   expo: [ '52.0.33' ],
57 silly audit   'expo-asset': [ '11.0.3' ],
57 silly audit   'expo-blur': [ '14.0.3' ],
57 silly audit   'expo-camera': [ '16.0.18' ],
57 silly audit   'expo-constants': [ '17.0.5' ],
57 silly audit   'expo-file-system': [ '18.0.10' ],
57 silly audit   'expo-font': [ '13.0.3' ],
57 silly audit   'expo-haptics': [ '14.0.1' ],
57 silly audit   'expo-keep-awake': [ '14.0.2' ],
57 silly audit   'expo-linear-gradient': [ '14.0.2' ],
57 silly audit   'expo-linking': [ '7.0.5' ],
57 silly audit   'expo-modules-autolinking': [ '2.0.7' ],
57 silly audit   'expo-modules-core': [ '2.2.1' ],
57 silly audit   'expo-router': [ '4.0.17' ],
57 silly audit   'expo-splash-screen': [ '0.29.21' ],
57 silly audit   'expo-status-bar': [ '2.0.1' ],
57 silly audit   'expo-symbols': [ '0.2.2' ],
57 silly audit   'expo-system-ui': [ '4.0.8' ],
57 silly audit   'expo-web-browser': [ '14.0.2' ],
57 silly audit   'exponential-backoff': [ '3.1.2' ],
57 silly audit   'fast-deep-equal': [ '3.1.3' ],
57 silly audit   'fast-glob': [ '3.3.3' ],
57 silly audit   'fast-json-stable-stringify': [ '2.1.0' ],
57 silly audit   'fast-loops': [ '1.1.4' ],
57 silly audit   'fast-uri': [ '3.0.6' ],
57 silly audit   fastq: [ '1.19.0' ],
57 silly audit   'fb-watchman': [ '2.0.2' ],
57 silly audit   fbemitter: [ '3.0.0' ],
57 silly audit   fbjs: [ '3.0.5' ],
57 silly audit   'fbjs-css-vars': [ '1.0.2' ],
57 silly audit   'fetch-retry': [ '4.1.1' ],
57 silly audit   'fill-range': [ '7.1.1' ],
57 silly audit   'filter-obj': [ '1.1.0' ],
57 silly audit   finalhandler: [ '1.1.2' ],
57 silly audit   'find-cache-dir': [ '2.1.0' ],
57 silly audit   'flow-enums-runtime': [ '0.0.6' ],
57 silly audit   'flow-parser': [ '0.260.0' ],
57 silly audit   fontfaceobserver: [ '2.3.0' ],
57 silly audit   'for-each': [ '0.3.5' ],
57 silly audit   'foreground-child': [ '3.3.0' ],
57 silly audit   'form-data': [ '3.0.2' ],
57 silly audit   'freeport-async': [ '2.0.0' ],
57 silly audit   fresh: [ '0.5.2' ],
57 silly audit   'fs-minipass': [ '3.0.3', '2.1.0' ],
57 silly audit   'fs.realpath': [ '1.0.0' ],
57 silly audit   fsevents: [ '2.3.3' ],
57 silly audit   'function-bind': [ '1.1.2' ],
57 silly audit   gensync: [ '1.0.0-beta.2' ],
57 silly audit   'get-caller-file': [ '2.0.5' ],
57 silly audit   'get-intrinsic': [ '1.2.7' ],
57 silly audit   'get-package-type': [ '0.1.0' ],
57 silly audit   'get-port': [ '3.2.0' ],
57 silly audit   'get-proto': [ '1.0.1' ],
57 silly audit   getenv: [ '1.0.0' ],
57 silly audit   'glob-parent': [ '5.1.2' ],
57 silly audit   minimatch: [ '9.0.5', '3.1.2' ],
57 silly audit   globals: [ '11.12.0' ],
57 silly audit   globby: [ '11.1.0' ],
57 silly audit   gopd: [ '1.2.0' ],
57 silly audit   'graceful-fs': [ '4.2.11' ],
57 silly audit   'has-property-descriptors': [ '1.0.2' ],
57 silly audit   'has-symbols': [ '1.1.0' ],
57 silly audit   'has-tostringtag': [ '1.0.2' ],
57 silly audit   hasown: [ '2.0.2' ],
57 silly audit   'hoist-non-react-statics': [ '3.3.2' ],
57 silly audit   'react-is': [ '16.13.1', '18.3.1' ],
57 silly audit   'hosted-git-info': [ '7.0.2' ],
57 silly audit   'http-errors': [ '2.0.0' ],
57 silly audit   statuses: [ '2.0.1', '1.5.0' ],
57 silly audit   'human-signals': [ '2.1.0' ],
57 silly audit   'hyphenate-style-name': [ '1.1.0' ],
57 silly audit   ieee754: [ '1.2.1' ],
57 silly audit   ignore: [ '5.3.2' ],
57 silly audit   'image-size': [ '1.2.0' ],
57 silly audit   'import-fresh': [ '2.0.0' ],
57 silly audit   'resolve-from': [ '3.0.0', '5.0.0' ],
57 silly audit   imurmurhash: [ '0.1.4' ],
57 silly audit   'indent-string': [ '4.0.0' ],
57 silly audit   inflight: [ '1.0.6' ],
57 silly audit   inherits: [ '2.0.4' ],
57 silly audit   ini: [ '1.3.8' ],
57 silly audit   'inline-style-prefixer': [ '6.0.4' ],
57 silly audit   'internal-ip': [ '4.3.0' ],
57 silly audit   invariant: [ '2.2.4' ],
57 silly audit   'ip-regex': [ '2.1.0' ],
57 silly audit   'ipaddr.js': [ '1.9.1' ],
57 silly audit   'is-arguments': [ '1.2.0' ],
57 silly audit   'is-arrayish': [ '0.2.1', '0.3.2' ],
57 silly audit   'is-buffer': [ '1.1.6' ],
57 silly audit   'is-callable': [ '1.2.7' ],
57 silly audit   'is-core-module': [ '2.16.1' ],
57 silly audit   'is-directory': [ '0.3.1' ],
57 silly audit   'is-docker': [ '2.2.1' ],
57 silly audit   'is-extglob': [ '2.1.1' ],
57 silly audit   'is-fullwidth-code-point': [ '3.0.0' ],
57 silly audit   'is-generator-function': [ '1.1.0' ],
57 silly audit   'is-glob': [ '4.0.3' ],
57 silly audit   'is-number': [ '7.0.0' ],
57 silly audit   'is-path-cwd': [ '2.2.0' ],
57 silly audit   'is-path-inside': [ '3.0.3' ],
57 silly audit   'is-plain-object': [ '2.0.4' ],
57 silly audit   'is-regex': [ '1.2.1' ],
57 silly audit   'is-typed-array': [ '1.1.15' ],
57 silly audit   'is-wsl': [ '2.2.0' ],
57 silly audit   isexe: [ '2.0.0' ],
57 silly audit   isobject: [ '3.0.1' ],
57 silly audit   'istanbul-lib-coverage': [ '3.2.2' ],
57 silly audit   'istanbul-lib-instrument': [ '5.2.1' ],
57 silly audit   jackspeak: [ '3.4.3' ],
57 silly audit   'jest-environment-node': [ '29.7.0' ],
57 silly audit   'jest-get-type': [ '29.6.3' ],
57 silly audit   'jest-haste-map': [ '29.7.0' ],
57 silly audit   'jest-message-util': [ '29.7.0' ],
57 silly audit   'jest-mock': [ '29.7.0' ],
57 silly audit   'jest-regex-util': [ '29.6.3' ],
57 silly audit   'jest-util': [ '29.7.0' ],
57 silly audit   'jest-validate': [ '29.7.0' ],
57 silly audit   'jest-worker': [ '29.7.0' ],
57 silly audit   'jimp-compact': [ '0.16.1' ],
57 silly audit   'join-component': [ '1.1.0' ],
57 silly audit   'js-tokens': [ '4.0.0' ],
57 silly audit   'jsc-android': [ '250231.0.0' ],
57 silly audit   'jsc-safe-url': [ '0.2.4' ],
57 silly audit   jscodeshift: [ '0.14.0' ],
57 silly audit   jsesc: [ '3.1.0', '3.0.2' ],
57 silly audit   'json-parse-better-errors': [ '1.0.2' ],
57 silly audit   'json-schema-traverse': [ '1.0.0' ],
57 silly audit   json5: [ '2.2.3' ],
57 silly audit   'kind-of': [ '6.0.3' ],
57 silly audit   kleur: [ '3.0.3' ],
57 silly audit   leven: [ '3.1.0' ],
57 silly audit   'lighthouse-logger': [ '1.4.2' ],
57 silly audit   lightningcss: [ '1.27.0' ],
57 silly audit   'lightningcss-darwin-arm64': [ '1.27.0' ],
57 silly audit   'lightningcss-darwin-x64': [ '1.27.0' ],
57 silly audit   'lightningcss-freebsd-x64': [ '1.27.0' ],
57 silly audit   'lightningcss-linux-arm-gnueabihf': [ '1.27.0' ],
57 silly audit   'lightningcss-linux-arm64-gnu': [ '1.27.0' ],
57 silly audit   'lightningcss-linux-arm64-musl': [ '1.27.0' ],
57 silly audit   'lightningcss-linux-x64-gnu': [ '1.27.0' ],
57 silly audit   'lightningcss-linux-x64-musl': [ '1.27.0' ],
57 silly audit   'lightningcss-win32-arm64-msvc': [ '1.27.0' ],
57 silly audit   'lightningcss-win32-x64-msvc': [ '1.27.0' ],
57 silly audit   'lines-and-columns': [ '1.2.4' ],
57 silly audit   lodash: [ '4.17.21' ],
57 silly audit   'lodash.debounce': [ '4.0.8' ],
57 silly audit   'lodash.throttle': [ '4.1.1' ],
57 silly audit   'log-symbols': [ '2.2.0' ],
57 silly audit   'loose-envify': [ '1.4.0' ],
57 silly audit   'lucide-react-native': [ '0.475.0' ],
57 silly audit   'make-dir': [ '2.1.0' ],
57 silly audit   makeerror: [ '1.0.12' ],
57 silly audit   marky: [ '1.2.5' ],
57 silly audit   'math-intrinsics': [ '1.1.0' ],
57 silly audit   md5: [ '2.3.0' ],
57 silly audit   'md5-file': [ '3.2.3' ],
57 silly audit   'mdn-data': [ '2.0.14' ],
57 silly audit   'memoize-one': [ '5.2.1', '6.0.0' ],
57 silly audit   'merge-stream': [ '2.0.0' ],
57 silly audit   merge2: [ '1.4.1' ],
57 silly audit   metro: [ '0.81.1' ],
57 silly audit   'metro-babel-transformer': [ '0.81.1' ],
57 silly audit   'metro-cache': [ '0.81.1' ],
57 silly audit   'metro-cache-key': [ '0.81.1' ],
57 silly audit   'metro-config': [ '0.81.1' ],
57 silly audit   'metro-core': [ '0.81.1' ],
57 silly audit   'metro-file-map': [ '0.81.1' ],
57 silly audit   'metro-minify-terser': [ '0.81.1' ],
57 silly audit   'metro-resolver': [ '0.81.1' ],
57 silly audit   'metro-runtime': [ '0.81.1' ],
57 silly audit   'metro-source-map': [ '0.81.1' ],
57 silly audit   'metro-symbolicate': [ '0.81.1' ],
57 silly audit   'metro-transform-plugins': [ '0.81.1' ],
57 silly audit   'metro-transform-worker': [ '0.81.1' ],
57 silly audit   micromatch: [ '4.0.8' ],
57 silly audit   mime: [ '1.6.0' ],
57 silly audit   'mime-db': [ '1.53.0', '1.52.0' ],
57 silly audit   'mime-types': [ '2.1.35' ],
57 silly audit   minimist: [ '1.2.8' ],
57 silly audit   minipass: [ '7.1.2', '3.3.6', '5.0.0' ],
57 silly audit   'minipass-collect': [ '2.0.1' ],
57 silly audit   'minipass-flush': [ '1.0.5' ],
57 silly audit   yallist: [ '4.0.0', '3.1.1' ],
57 silly audit   'minipass-pipeline': [ '1.2.4' ],
57 silly audit   minizlib: [ '2.1.2' ],
57 silly audit   mrmime: [ '1.0.1' ],
57 silly audit   mz: [ '2.7.0' ],
57 silly audit   nanoid: [ '3.3.8' ],
57 silly audit   'neo-async': [ '2.6.2' ],
57 silly audit   'nested-error-stacks': [ '2.0.1' ],
57 silly audit   'nice-try': [ '1.0.5' ],
57 silly audit   'node-dir': [ '0.1.17' ],
57 silly audit   'node-fetch': [ '2.7.0' ],
57 silly audit   'node-forge': [ '1.3.1' ],
57 silly audit   'node-int64': [ '0.4.0' ],
57 silly audit   'node-releases': [ '2.0.19' ],
57 silly audit   'normalize-path': [ '3.0.0' ],
57 silly audit   'npm-package-arg': [ '11.0.3' ],
57 silly audit   'nth-check': [ '2.1.1' ],
57 silly audit   nullthrows: [ '1.1.1' ],
57 silly audit   ob1: [ '0.81.1' ],
57 silly audit   'object-assign': [ '4.1.1' ],
57 silly audit   'on-finished': [ '2.3.0', '2.4.1' ],
57 silly audit   'on-headers': [ '1.0.2' ],
57 silly audit   once: [ '1.4.0' ],
57 silly audit   ora: [ '3.4.0' ],
57 silly audit   'os-tmpdir': [ '1.0.2' ],
57 silly audit   'p-finally': [ '1.0.0' ],
57 silly audit   'p-map': [ '4.0.0' ],
57 silly audit   'p-try': [ '2.2.0' ],
57 silly audit   'package-json-from-dist': [ '1.0.1' ],
57 silly audit   'parse-json': [ '4.0.0' ],
57 silly audit   'parse-png': [ '2.1.0' ],
57 silly audit   parseurl: [ '1.3.3' ],
57 silly audit   'password-prompt': [ '1.1.3' ],
57 silly audit   'path-exists': [ '4.0.0', '3.0.0' ],
57 silly audit   'path-is-absolute': [ '1.0.1' ],
57 silly audit   'path-parse': [ '1.0.7' ],
57 silly audit   'path-scurry': [ '1.11.1' ],
57 silly audit   'path-type': [ '4.0.0' ],
57 silly audit   picocolors: [ '1.1.1' ],
57 silly audit   pify: [ '4.0.1' ],
57 silly audit   pirates: [ '4.0.6' ],
57 silly audit   'pkg-dir': [ '3.0.0' ],
57 silly audit   plist: [ '3.1.0' ],
57 silly audit   xmlbuilder: [ '15.1.1', '11.0.1', '14.0.0' ],
57 silly audit   pngjs: [ '3.4.0' ],
57 silly audit   'possible-typed-array-names': [ '1.1.0' ],
57 silly audit   postcss: [ '8.4.49' ],
57 silly audit   'postcss-value-parser': [ '4.2.0' ],
57 silly audit   'pretty-bytes': [ '5.6.0' ],
57 silly audit   'pretty-format': [ '29.7.0' ],
57 silly audit   'proc-log': [ '4.2.0' ],
57 silly audit   progress: [ '2.0.3' ],
57 silly audit   promise: [ '7.3.1', '8.3.0' ],
57 silly audit   prompts: [ '2.4.2' ],
57 silly audit   'prop-types': [ '15.8.1' ],
57 silly audit   pump: [ '3.0.2' ],
57 silly audit   punycode: [ '2.3.1' ],
57 silly audit   'qrcode-terminal': [ '0.11.0' ],
57 silly audit   'query-string': [ '7.1.3' ],
57 silly audit   queue: [ '6.0.2' ],
57 silly audit   'queue-microtask': [ '1.2.3' ],
57 silly audit   'range-parser': [ '1.2.1' ],
57 silly audit   rc: [ '1.2.8' ],
57 silly audit   react: [ '18.3.1' ],
57 silly audit   'react-devtools-core': [ '5.3.2' ],
57 silly audit   'react-dom': [ '18.3.1' ],
57 silly audit   'react-fast-compare': [ '3.2.2' ],
57 silly audit   'react-freeze': [ '1.0.4' ],
57 silly audit   'react-helmet-async': [ '1.3.0' ],
57 silly audit   'react-native': [ '0.76.6' ],
57 silly audit   'react-native-gesture-handler': [ '2.23.1' ],
57 silly audit   'react-native-helmet-async': [ '2.0.4' ],
57 silly audit   'react-native-is-edge-to-edge': [ '1.1.6' ],
57 silly audit   'react-native-reanimated': [ '3.16.7' ],
57 silly audit   'react-native-safe-area-context': [ '4.12.0' ],
57 silly audit   'react-native-screens': [ '4.6.0' ],
57 silly audit   'react-native-svg': [ '15.11.1' ],
57 silly audit   'react-native-url-polyfill': [ '2.0.0' ],
57 silly audit   'react-native-web': [ '0.19.13' ],
57 silly audit   'react-native-webview': [ '13.12.5' ],
57 silly audit   'regenerator-runtime': [ '0.13.11', '0.14.1' ],
57 silly audit   scheduler: [ '0.24.0-canary-efb381bbf-20230505', '0.23.2' ],
57 silly audit   'react-refresh': [ '0.14.2' ],
57 silly audit   readline: [ '1.3.0' ],
57 silly audit   recast: [ '0.21.5' ],
57 silly audit   regenerate: [ '1.4.2' ],
57 silly audit   'regenerate-unicode-properties': [ '10.2.0' ],
57 silly audit   'regexpu-core': [ '6.2.0' ],
57 silly audit   regjsgen: [ '0.8.0' ],
57 silly audit   regjsparser: [ '0.12.0' ],
57 silly audit   'remove-trailing-slash': [ '0.1.1' ],
57 silly audit   'require-directory': [ '2.1.1' ],
57 silly audit   'require-from-string': [ '2.0.2' ],
57 silly audit   requireg: [ '0.2.2' ],
57 silly audit   resolve: [ '1.7.1', '1.22.10' ],
57 silly audit   'resolve-workspace-root': [ '2.0.0' ],
57 silly audit   'resolve.exports': [ '2.0.3' ],
57 silly audit   'restore-cursor': [ '2.0.0' ],
57 silly audit   reusify: [ '1.0.4' ],
57 silly audit   rimraf: [ '3.0.2', '2.6.3' ],
57 silly audit   'run-parallel': [ '1.2.0' ],
57 silly audit   'safe-buffer': [ '5.2.1' ],
57 silly audit   'safe-regex-test': [ '1.1.0' ],
57 silly audit   sax: [ '1.4.1' ],
57 silly audit   'schema-utils': [ '4.3.0' ],
57 silly audit   selfsigned: [ '2.4.1' ],
57 silly audit   send: [ '0.19.1', '0.19.0' ],
57 silly audit   'serialize-error': [ '2.1.0' ],
57 silly audit   'serve-static': [ '1.16.2' ],
57 silly audit   'server-only': [ '0.0.1' ],
57 silly audit   'set-cookie-parser': [ '2.7.1' ],
57 silly audit   'set-function-length': [ '1.2.2' ],
57 silly audit   setimmediate: [ '1.0.5' ],
57 silly audit   setprototypeof: [ '1.2.0' ],
57 silly audit   'sf-symbols-typescript': [ '2.1.0' ],
57 silly audit   'shallow-clone': [ '3.0.1' ],
57 silly audit   shallowequal: [ '1.1.0' ],
57 silly audit   'shell-quote': [ '1.8.2' ],
57 silly audit   'simple-plist': [ '1.3.1' ],
57 silly audit   'simple-swizzle': [ '0.2.2' ],
57 silly audit   sisteransi: [ '1.0.5' ],
57 silly audit   slash: [ '3.0.0' ],
57 silly audit   slugify: [ '1.6.6' ],
57 silly audit   'source-map-js': [ '1.2.1' ],
57 silly audit   'source-map-support': [ '0.5.21' ],
57 silly audit   split: [ '1.0.1' ],
57 silly audit   'split-on-first': [ '1.1.0' ],
57 silly audit   'sprintf-js': [ '1.0.3' ],
57 silly audit   ssri: [ '10.0.6' ],
57 silly audit   'stack-utils': [ '2.0.6' ],
57 silly audit   stackframe: [ '1.3.4' ],
57 silly audit   'stacktrace-parser': [ '0.1.10' ],
57 silly audit   'type-fest': [ '0.7.1', '0.16.0', '0.21.3' ],
57 silly audit   'stream-buffers': [ '2.2.0' ],
57 silly audit   'stream-slice': [ '0.1.2' ],
57 silly audit   'strict-uri-encode': [ '2.0.0' ],
57 silly audit   'strip-eof': [ '1.0.0' ],
57 silly audit   'strip-final-newline': [ '2.0.0' ],
57 silly audit   'strip-json-comments': [ '2.0.1' ],
57 silly audit   'structured-headers': [ '0.4.1' ],
57 silly audit   styleq: [ '0.1.3' ],
57 silly audit   sucrase: [ '3.35.0' ],
57 silly audit   'supports-hyperlinks': [ '2.3.0' ],
57 silly audit   'supports-preserve-symlinks-flag': [ '1.0.0' ],
57 silly audit   tar: [ '6.2.1' ],
57 silly audit   temp: [ '0.8.4' ],
57 silly audit   'temp-dir': [ '2.0.0' ],
57 silly audit   tempy: [ '0.7.1' ],
57 silly audit   'terminal-link': [ '2.1.1' ],
57 silly audit   terser: [ '5.38.2' ],
57 silly audit   'test-exclude': [ '6.0.0' ],
57 silly audit   thenify: [ '3.3.1' ],
57 silly audit   'thenify-all': [ '1.6.0' ],
57 silly audit   throat: [ '5.0.0' ],
57 silly audit   through: [ '2.3.8' ],
57 silly audit   tmp: [ '0.0.33' ],
57 silly audit   tmpl: [ '1.0.5' ],
57 silly audit   'to-regex-range': [ '5.0.1' ],
57 silly audit   toidentifier: [ '1.0.1' ],
57 silly audit   tr46: [ '0.0.3' ],
57 silly audit   'ts-interface-checker': [ '0.1.13' ],
57 silly audit   tslib: [ '2.8.1' ],
57 silly audit   'turbo-stream': [ '2.4.0' ],
57 silly audit   'type-detect': [ '4.0.8' ],
57 silly audit   typescript: [ '5.7.3' ],
57 silly audit   'ua-parser-js': [ '1.0.40' ],
57 silly audit   undici: [ '6.21.1' ],
57 silly audit   'undici-types': [ '6.20.0' ],
57 silly audit   'unicode-canonical-property-names-ecmascript': [ '2.0.1' ],
57 silly audit   'unicode-match-property-ecmascript': [ '2.0.0' ],
57 silly audit   'unicode-match-property-value-ecmascript': [ '2.2.0' ],
57 silly audit   'unicode-property-aliases-ecmascript': [ '2.1.0' ],
57 silly audit   'unique-filename': [ '3.0.0' ],
57 silly audit   'unique-slug': [ '4.0.0' ],
57 silly audit   'unique-string': [ '2.0.0' ],
57 silly audit   unpipe: [ '1.0.0' ],
57 silly audit   'update-browserslist-db': [ '1.1.2' ],
57 silly audit   'use-latest-callback': [ '0.2.3' ],
57 silly audit   'use-sync-external-store': [ '1.4.0' ],
57 silly audit   util: [ '0.12.5' ],
57 silly audit   'utils-merge': [ '1.0.1' ],
57 silly audit   uuid: [ '8.3.2', '7.0.3' ],
57 silly audit   'validate-npm-package-name': [ '5.0.1' ],
57 silly audit   vary: [ '1.1.2' ],
57 silly audit   vlq: [ '1.0.1' ],
57 silly audit   walker: [ '1.0.8' ],
57 silly audit   'warn-once': [ '0.1.1' ],
57 silly audit   wcwidth: [ '1.0.1' ],
57 silly audit   'web-encoding': [ '1.1.5' ],
57 silly audit   'web-streams-polyfill': [ '3.3.3' ],
57 silly audit   'webidl-conversions': [ '3.0.1', '5.0.0' ],
57 silly audit   'whatwg-fetch': [ '3.6.20' ],
57 silly audit   'whatwg-url': [ '5.0.0' ],
57 silly audit   'whatwg-url-without-unicode': [ '8.0.0-3' ],
57 silly audit   'which-typed-array': [ '1.1.18' ],
57 silly audit   wonka: [ '6.3.4' ],
57 silly audit   wrappy: [ '1.0.2' ],
57 silly audit   xcode: [ '3.0.1' ],
57 silly audit   xml2js: [ '0.6.0' ],
57 silly audit   y18n: [ '5.0.8' ],
57 silly audit   yargs: [ '17.7.2' ],
57 silly audit   'yargs-parser': [ '21.1.1' ],
57 silly audit   'yocto-queue': [ '0.1.0' ],
57 silly audit   'expo-audio': [ '0.4.7' ],
57 silly audit   'expo-video': [ '2.2.2' ]
57 silly audit }
58 verbose reify failed optional dependency /home/user/node_modules/lightningcss-win32-x64-msvc
59 silly reify mark deleted [ '/home/user/node_modules/lightningcss-win32-x64-msvc' ]
60 verbose reify failed optional dependency /home/user/node_modules/lightningcss-win32-arm64-msvc
61 silly reify mark deleted [ '/home/user/node_modules/lightningcss-win32-arm64-msvc' ]
62 verbose reify failed optional dependency /home/user/node_modules/lightningcss-linux-arm64-musl
63 silly reify mark deleted [ '/home/user/node_modules/lightningcss-linux-arm64-musl' ]
64 verbose reify failed optional dependency /home/user/node_modules/lightningcss-linux-arm64-gnu
65 silly reify mark deleted [ '/home/user/node_modules/lightningcss-linux-arm64-gnu' ]
66 verbose reify failed optional dependency /home/user/node_modules/lightningcss-linux-arm-gnueabihf
67 silly reify mark deleted [ '/home/user/node_modules/lightningcss-linux-arm-gnueabihf' ]
68 verbose reify failed optional dependency /home/user/node_modules/lightningcss-freebsd-x64
69 silly reify mark deleted [ '/home/user/node_modules/lightningcss-freebsd-x64' ]
70 verbose reify failed optional dependency /home/user/node_modules/lightningcss-darwin-x64
71 silly reify mark deleted [ '/home/user/node_modules/lightningcss-darwin-x64' ]
72 verbose reify failed optional dependency /home/user/node_modules/lightningcss-darwin-arm64
73 silly reify mark deleted [ '/home/user/node_modules/lightningcss-darwin-arm64' ]
74 verbose reify failed optional dependency /home/user/node_modules/fsevents
75 silly reify mark deleted [ '/home/user/node_modules/fsevents' ]
76 silly tarball no local data for expo-video@https://registry.npmjs.org/expo-video/-/expo-video-2.2.2.tgz. Extracting by manifest.
77 silly tarball no local data for expo-audio@https://registry.npmjs.org/expo-audio/-/expo-audio-0.4.7.tgz. Extracting by manifest.
78 http fetch POST 200 https://registry.npmjs.org/-/npm/v1/security/advisories/bulk 72ms
79 silly audit report {
79 silly audit report   '@babel/helpers': [
79 silly audit report     {
79 silly audit report       id: 1104001,
79 silly audit report       url: 'https://github.com/advisories/GHSA-968p-4wvh-cqc8',
79 silly audit report       title: 'Babel has inefficient RegExp complexity in generated code with .replace when transpiling named capturing groups',
79 silly audit report       severity: 'moderate',
79 silly audit report       vulnerable_versions: '<7.26.10',
79 silly audit report       cwe: [Array],
79 silly audit report       cvss: [Object]
79 silly audit report     }
79 silly audit report   ],
79 silly audit report   '@babel/runtime': [
79 silly audit report     {
79 silly audit report       id: 1104000,
79 silly audit report       url: 'https://github.com/advisories/GHSA-968p-4wvh-cqc8',
79 silly audit report       title: 'Babel has inefficient RegExp complexity in generated code with .replace when transpiling named capturing groups',
79 silly audit report       severity: 'moderate',
79 silly audit report       vulnerable_versions: '<7.26.10',
79 silly audit report       cwe: [Array],
79 silly audit report       cvss: [Object]
79 silly audit report     }
79 silly audit report   ],
79 silly audit report   'brace-expansion': [
79 silly audit report     {
79 silly audit report       id: 1105443,
79 silly audit report       url: 'https://github.com/advisories/GHSA-v6h2-p8h4-qcjw',
79 silly audit report       title: 'brace-expansion Regular Expression Denial of Service vulnerability',
79 silly audit report       severity: 'low',
79 silly audit report       vulnerable_versions: '>=1.0.0 <=1.1.11',
79 silly audit report       cwe: [Array],
79 silly audit report       cvss: [Object]
79 silly audit report     },
79 silly audit report     {
79 silly audit report       id: 1105444,
79 silly audit report       url: 'https://github.com/advisories/GHSA-v6h2-p8h4-qcjw',
79 silly audit report       title: 'brace-expansion Regular Expression Denial of Service vulnerability',
79 silly audit report       severity: 'low',
79 silly audit report       vulnerable_versions: '>=2.0.0 <=2.0.1',
79 silly audit report       cwe: [Array],
79 silly audit report       cvss: [Object]
79 silly audit report     }
79 silly audit report   ],
79 silly audit report   cookie: [
79 silly audit report     {
79 silly audit report       id: 1103907,
79 silly audit report       url: 'https://github.com/advisories/GHSA-pxg6-pf52-xh8x',
79 silly audit report       title: 'cookie accepts cookie name, path, and domain with out of bounds characters',
79 silly audit report       severity: 'low',
79 silly audit report       vulnerable_versions: '<0.7.0',
79 silly audit report       cwe: [Array],
79 silly audit report       cvss: [Object]
79 silly audit report     }
79 silly audit report   ],
79 silly audit report   'image-size': [
79 silly audit report     {
79 silly audit report       id: 1105090,
79 silly audit report       url: 'https://github.com/advisories/GHSA-m5qc-5hw7-8vg7',
79 silly audit report       title: 'image-size Denial of Service via Infinite Loop during Image Processing',
79 silly audit report       severity: 'high',
79 silly audit report       vulnerable_versions: '>=1.1.0 <1.2.1',
79 silly audit report       cwe: [Array],
79 silly audit report       cvss: [Object]
79 silly audit report     }
79 silly audit report   ],
79 silly audit report   undici: [
79 silly audit report     {
79 silly audit report       id: 1104500,
79 silly audit report       url: 'https://github.com/advisories/GHSA-cxrh-j4jr-qwg3',
79 silly audit report       title: 'undici Denial of Service attack via bad certificate data',
79 silly audit report       severity: 'low',
79 silly audit report       vulnerable_versions: '>=6.0.0 <6.21.2',
79 silly audit report       cwe: [Array],
79 silly audit report       cvss: [Object]
79 silly audit report     }
79 silly audit report   ]
79 silly audit report }
80 silly packumentCache corgi:https://registry.npmjs.org/@babel%2fhelpers cache-miss
81 silly packumentCache corgi:https://registry.npmjs.org/@babel%2fruntime cache-miss
82 silly packumentCache corgi:https://registry.npmjs.org/brace-expansion cache-miss
83 silly packumentCache corgi:https://registry.npmjs.org/cookie cache-miss
84 silly packumentCache corgi:https://registry.npmjs.org/image-size cache-miss
85 silly packumentCache corgi:https://registry.npmjs.org/undici cache-miss
86 http fetch GET 200 https://registry.npmjs.org/brace-expansion 163ms (cache revalidated)
87 silly packumentCache corgi:https://registry.npmjs.org/brace-expansion set size:16192 disposed:false
88 http fetch GET 200 https://registry.npmjs.org/@babel%2fhelpers 183ms (cache revalidated)
89 silly packumentCache corgi:https://registry.npmjs.org/@babel%2fhelpers set size:197848 disposed:false
90 http fetch GET 200 https://registry.npmjs.org/@babel%2fruntime 219ms (cache revalidated)
91 silly packumentCache corgi:https://registry.npmjs.org/@babel%2fruntime set size:215468 disposed:false
92 http fetch GET 200 https://registry.npmjs.org/cookie 258ms (cache revalidated)
93 silly packumentCache corgi:https://registry.npmjs.org/cookie set size:22175 disposed:false
94 http fetch GET 200 https://registry.npmjs.org/undici 262ms (cache revalidated)
95 silly packumentCache corgi:https://registry.npmjs.org/undici set size:389028 disposed:false
96 http fetch GET 200 https://registry.npmjs.org/image-size 269ms (cache revalidated)
97 silly packumentCache corgi:https://registry.npmjs.org/image-size set size:76086 disposed:false
98 silly packumentCache corgi:https://registry.npmjs.org/@babel%2fcore cache-miss
99 http fetch GET 200 https://registry.npmjs.org/@babel%2fcore 72ms (cache revalidated)
100 silly packumentCache corgi:https://registry.npmjs.org/@babel%2fcore set size:388522 disposed:false
101 silly packumentCache corgi:https://registry.npmjs.org/@expo%2fcli cache-miss
102 silly packumentCache corgi:https://registry.npmjs.org/@radix-ui%2freact-compose-refs cache-miss
103 silly packumentCache corgi:https://registry.npmjs.org/@radix-ui%2freact-slot cache-miss
104 silly packumentCache corgi:https://registry.npmjs.org/expo cache-miss
105 silly packumentCache corgi:https://registry.npmjs.org/metro-runtime cache-miss
106 silly packumentCache corgi:https://registry.npmjs.org/react-helmet-async cache-miss
107 silly packumentCache corgi:https://registry.npmjs.org/react-native-web cache-miss
108 http fetch GET 200 https://registry.npmjs.org/expo 203ms (cache revalidated)
109 silly packumentCache corgi:https://registry.npmjs.org/expo set size:1380652 disposed:false
110 http fetch GET 200 https://registry.npmjs.org/metro-runtime 237ms (cache revalidated)
111 silly packumentCache corgi:https://registry.npmjs.org/metro-runtime set size:99099 disposed:false
112 http fetch GET 200 https://registry.npmjs.org/@radix-ui%2freact-slot 245ms (cache revalidated)
113 silly packumentCache corgi:https://registry.npmjs.org/@radix-ui%2freact-slot set size:179340 disposed:false
114 http fetch GET 200 https://registry.npmjs.org/react-helmet-async 255ms (cache revalidated)
115 silly packumentCache corgi:https://registry.npmjs.org/react-helmet-async set size:112107 disposed:false
116 http fetch GET 200 https://registry.npmjs.org/@radix-ui%2freact-compose-refs 265ms (cache revalidated)
117 silly packumentCache corgi:https://registry.npmjs.org/@radix-ui%2freact-compose-refs set size:116746 disposed:false
118 http fetch GET 200 https://registry.npmjs.org/@expo%2fcli 276ms (cache revalidated)
119 silly packumentCache corgi:https://registry.npmjs.org/@expo%2fcli set size:1040930 disposed:false
120 http fetch GET 200 https://registry.npmjs.org/react-native-web 302ms (cache revalidated)
121 silly packumentCache corgi:https://registry.npmjs.org/react-native-web set size:591638 disposed:false
122 silly packumentCache corgi:https://registry.npmjs.org/minimatch cache-miss
123 http fetch GET 200 https://registry.npmjs.org/minimatch 59ms (cache revalidated)
124 silly packumentCache corgi:https://registry.npmjs.org/minimatch set size:143741 disposed:false
125 silly packumentCache corgi:https://registry.npmjs.org/@remix-run%2fserver-runtime cache-miss
126 http fetch GET 200 https://registry.npmjs.org/expo-audio/-/expo-audio-0.4.7.tgz 821ms (cache miss)
127 http fetch GET 200 https://registry.npmjs.org/@remix-run%2fserver-runtime 89ms (cache revalidated)
128 silly packumentCache corgi:https://registry.npmjs.org/@remix-run%2fserver-runtime set size:1612251 disposed:false
129 silly packumentCache corgi:https://registry.npmjs.org/metro cache-miss
130 http fetch GET 200 https://registry.npmjs.org/metro 70ms (cache revalidated)
131 silly packumentCache corgi:https://registry.npmjs.org/metro set size:504811 disposed:false
132 silly packumentCache corgi:https://registry.npmjs.org/@remix-run%2fnode cache-miss
133 http fetch GET 200 https://registry.npmjs.org/expo-video/-/expo-video-2.2.2.tgz 1096ms (cache miss)
134 warn cleanup Failed to remove some directories [
134 warn cleanup   [
134 warn cleanup     '/home/user/node_modules/@babel/.plugin-bugfix-firefox-class-in-computed-class-key-zWaOCK8W',
134 warn cleanup     [Error: EACCES: permission denied, unlink '/home/user/node_modules/@babel/.plugin-bugfix-firefox-class-in-computed-class-key-zWaOCK8W/LICENSE'] {
134 warn cleanup       errno: -13,
134 warn cleanup       code: 'EACCES',
134 warn cleanup       syscall: 'unlink',
134 warn cleanup       path: '/home/user/node_modules/@babel/.plugin-bugfix-firefox-class-in-computed-class-key-zWaOCK8W/LICENSE'
134 warn cleanup     }
134 warn cleanup   ],
134 warn cleanup   [
134 warn cleanup     '/home/user/node_modules/@babel/.plugin-bugfix-safari-class-field-initializer-scope-lfrZkIll',
134 warn cleanup     [Error: EACCES: permission denied, unlink '/home/user/node_modules/@babel/.plugin-bugfix-safari-class-field-initializer-scope-lfrZkIll/LICENSE'] {
134 warn cleanup       errno: -13,
134 warn cleanup       code: 'EACCES',
134 warn cleanup       syscall: 'unlink',
134 warn cleanup       path: '/home/user/node_modules/@babel/.plugin-bugfix-safari-class-field-initializer-scope-lfrZkIll/LICENSE'
134 warn cleanup     }
134 warn cleanup   ],
134 warn cleanup   [
134 warn cleanup     '/home/user/node_modules/@babel/.plugin-bugfix-safari-id-destructuring-collision-in-function-expression-pI7i5lza',
134 warn cleanup     [Error: EACCES: permission denied, unlink '/home/user/node_modules/@babel/.plugin-bugfix-safari-id-destructuring-collision-in-function-expression-pI7i5lza/LICENSE'] {
134 warn cleanup       errno: -13,
134 warn cleanup       code: 'EACCES',
134 warn cleanup       syscall: 'unlink',
134 warn cleanup       path: '/home/user/node_modules/@babel/.plugin-bugfix-safari-id-destructuring-collision-in-function-expression-pI7i5lza/LICENSE'
134 warn cleanup     }
134 warn cleanup   ],
134 warn cleanup   [
134 warn cleanup     '/home/user/node_modules/@babel/.plugin-bugfix-v8-spread-parameters-in-optional-chaining-YLXS32L5',
134 warn cleanup     [Error: EACCES: permission denied, unlink '/home/user/node_modules/@babel/.plugin-bugfix-v8-spread-parameters-in-optional-chaining-YLXS32L5/LICENSE'] {
134 warn cleanup       errno: -13,
134 warn cleanup       code: 'EACCES',
134 warn cleanup       syscall: 'unlink',
134 warn cleanup       path: '/home/user/node_modules/@babel/.plugin-bugfix-v8-spread-parameters-in-optional-chaining-YLXS32L5/LICENSE'
134 warn cleanup     }
134 warn cleanup   ],
134 warn cleanup   [
134 warn cleanup     '/home/user/node_modules/@babel/.plugin-bugfix-v8-static-class-fields-redefine-readonly-PUyAD48c',
134 warn cleanup     [Error: EACCES: permission denied, unlink '/home/user/node_modules/@babel/.plugin-bugfix-v8-static-class-fields-redefine-readonly-PUyAD48c/LICENSE'] {
134 warn cleanup       errno: -13,
134 warn cleanup       code: 'EACCES',
134 warn cleanup       syscall: 'unlink',
134 warn cleanup       path: '/home/user/node_modules/@babel/.plugin-bugfix-v8-static-class-fields-redefine-readonly-PUyAD48c/LICENSE'
134 warn cleanup     }
134 warn cleanup   ],
134 warn cleanup   [
134 warn cleanup     '/home/user/node_modules/@babel/.plugin-proposal-private-property-in-object-J0lQIhL4',
134 warn cleanup     [Error: EACCES: permission denied, unlink '/home/user/node_modules/@babel/.plugin-proposal-private-property-in-object-J0lQIhL4/LICENSE'] {
134 warn cleanup       errno: -13,
134 warn cleanup       code: 'EACCES',
134 warn cleanup       syscall: 'unlink',
134 warn cleanup       path: '/home/user/node_modules/@babel/.plugin-proposal-private-property-in-object-J0lQIhL4/LICENSE'
134 warn cleanup     }
134 warn cleanup   ],
134 warn cleanup   [
134 warn cleanup     '/home/user/node_modules/@babel/.plugin-syntax-import-assertions-5Tp5mIzS',
134 warn cleanup     [Error: EACCES: permission denied, unlink '/home/user/node_modules/@babel/.plugin-syntax-import-assertions-5Tp5mIzS/LICENSE'] {
134 warn cleanup       errno: -13,
134 warn cleanup       code: 'EACCES',
134 warn cleanup       syscall: 'unlink',
134 warn cleanup       path: '/home/user/node_modules/@babel/.plugin-syntax-import-assertions-5Tp5mIzS/LICENSE'
134 warn cleanup     }
134 warn cleanup   ],
134 warn cleanup   [
134 warn cleanup     '/home/user/node_modules/@babel/.plugin-syntax-unicode-sets-regex-TXdAf7Ua',
134 warn cleanup     [Error: EACCES: permission denied, unlink '/home/user/node_modules/@babel/.plugin-syntax-unicode-sets-regex-TXdAf7Ua/LICENSE'] {
134 warn cleanup       errno: -13,
134 warn cleanup       code: 'EACCES',
134 warn cleanup       syscall: 'unlink',
134 warn cleanup       path: '/home/user/node_modules/@babel/.plugin-syntax-unicode-sets-regex-TXdAf7Ua/LICENSE'
134 warn cleanup     }
134 warn cleanup   ],
134 warn cleanup   [
134 warn cleanup     '/home/user/node_modules/@babel/.plugin-transform-block-scoped-functions-GBEMVS61',
134 warn cleanup     [Error: EACCES: permission denied, unlink '/home/user/node_modules/@babel/.plugin-transform-block-scoped-functions-GBEMVS61/LICENSE'] {
134 warn cleanup       errno: -13,
134 warn cleanup       code: 'EACCES',
134 warn cleanup       syscall: 'unlink',
134 warn cleanup       path: '/home/user/node_modules/@babel/.plugin-transform-block-scoped-functions-GBEMVS61/LICENSE'
134 warn cleanup     }
134 warn cleanup   ],
134 warn cleanup   [
134 warn cleanup     '/home/user/node_modules/@babel/.plugin-transform-class-static-block-6RVZuIlS',
134 warn cleanup     [Error: EACCES: permission denied, unlink '/home/user/node_modules/@babel/.plugin-transform-class-static-block-6RVZuIlS/LICENSE'] {
134 warn cleanup       errno: -13,
134 warn cleanup       code: 'EACCES',
134 warn cleanup       syscall: 'unlink',
134 warn cleanup       path: '/home/user/node_modules/@babel/.plugin-transform-class-static-block-6RVZuIlS/LICENSE'
134 warn cleanup     }
134 warn cleanup   ],
134 warn cleanup   [
134 warn cleanup     '/home/user/node_modules/@babel/.plugin-transform-dotall-regex-xXfruVbI',
134 warn cleanup     [Error: EACCES: permission denied, unlink '/home/user/node_modules/@babel/.plugin-transform-dotall-regex-xXfruVbI/LICENSE'] {
134 warn cleanup       errno: -13,
134 warn cleanup       code: 'EACCES',
134 warn cleanup       syscall: 'unlink',
134 warn cleanup       path: '/home/user/node_modules/@babel/.plugin-transform-dotall-regex-xXfruVbI/LICENSE'
134 warn cleanup     }
134 warn cleanup   ],
134 warn cleanup   [
134 warn cleanup     '/home/user/node_modules/@babel/.plugin-transform-duplicate-keys-M5aImmrV',
134 warn cleanup     [Error: EACCES: permission denied, unlink '/home/user/node_modules/@babel/.plugin-transform-duplicate-keys-M5aImmrV/LICENSE'] {
134 warn cleanup       errno: -13,
134 warn cleanup       code: 'EACCES',
134 warn cleanup       syscall: 'unlink',
134 warn cleanup       path: '/home/user/node_modules/@babel/.plugin-transform-duplicate-keys-M5aImmrV/LICENSE'
134 warn cleanup     }
134 warn cleanup   ],
134 warn cleanup   [
134 warn cleanup     '/home/user/node_modules/@babel/.plugin-transform-duplicate-named-capturing-groups-regex-ezpeNVaU',
134 warn cleanup     [Error: EACCES: permission denied, unlink '/home/user/node_modules/@babel/.plugin-transform-duplicate-named-capturing-groups-regex-ezpeNVaU/LICENSE'] {
134 warn cleanup       errno: -13,
134 warn cleanup       code: 'EACCES',
134 warn cleanup       syscall: 'unlink',
134 warn cleanup       path: '/home/user/node_modules/@babel/.plugin-transform-duplicate-named-capturing-groups-regex-ezpeNVaU/LICENSE'
134 warn cleanup     }
134 warn cleanup   ],
134 warn cleanup   [
134 warn cleanup     '/home/user/node_modules/@babel/.plugin-transform-dynamic-import-sVTvrje3',
134 warn cleanup     [Error: EACCES: permission denied, unlink '/home/user/node_modules/@babel/.plugin-transform-dynamic-import-sVTvrje3/LICENSE'] {
134 warn cleanup       errno: -13,
134 warn cleanup       code: 'EACCES',
134 warn cleanup       syscall: 'unlink',
134 warn cleanup       path: '/home/user/node_modules/@babel/.plugin-transform-dynamic-import-sVTvrje3/LICENSE'
134 warn cleanup     }
134 warn cleanup   ],
134 warn cleanup   [
134 warn cleanup     '/home/user/node_modules/@babel/.plugin-transform-exponentiation-operator-HRX2eW7A',
134 warn cleanup     [Error: EACCES: permission denied, unlink '/home/user/node_modules/@babel/.plugin-transform-exponentiation-operator-HRX2eW7A/LICENSE'] {
134 warn cleanup       errno: -13,
134 warn cleanup       code: 'EACCES',
134 warn cleanup       syscall: 'unlink',
134 warn cleanup       path: '/home/user/node_modules/@babel/.plugin-transform-exponentiation-operator-HRX2eW7A/LICENSE'
134 warn cleanup     }
134 warn cleanup   ],
134 warn cleanup   [
134 warn cleanup     '/home/user/node_modules/@babel/.plugin-transform-json-strings-BpYcjCDX',
134 warn cleanup     [Error: EACCES: permission denied, unlink '/home/user/node_modules/@babel/.plugin-transform-json-strings-BpYcjCDX/LICENSE'] {
134 warn cleanup       errno: -13,
134 warn cleanup       code: 'EACCES',
134 warn cleanup       syscall: 'unlink',
134 warn cleanup       path: '/home/user/node_modules/@babel/.plugin-transform-json-strings-BpYcjCDX/LICENSE'
134 warn cleanup     }
134 warn cleanup   ],
134 warn cleanup   [
134 warn cleanup     '/home/user/node_modules/@babel/.plugin-transform-member-expression-literals-QKp0OHvu',
134 warn cleanup     [Error: EACCES: permission denied, unlink '/home/user/node_modules/@babel/.plugin-transform-member-expression-literals-QKp0OHvu/LICENSE'] {
134 warn cleanup       errno: -13,
134 warn cleanup       code: 'EACCES',
134 warn cleanup       syscall: 'unlink',
134 warn cleanup       path: '/home/user/node_modules/@babel/.plugin-transform-member-expression-literals-QKp0OHvu/LICENSE'
134 warn cleanup     }
134 warn cleanup   ],
134 warn cleanup   [
134 warn cleanup     '/home/user/node_modules/@babel/.plugin-transform-modules-amd-ojRQRoUt',
134 warn cleanup     [Error: EACCES: permission denied, unlink '/home/user/node_modules/@babel/.plugin-transform-modules-amd-ojRQRoUt/LICENSE'] {
134 warn cleanup       errno: -13,
134 warn cleanup       code: 'EACCES',
134 warn cleanup       syscall: 'unlink',
134 warn cleanup       path: '/home/user/node_modules/@babel/.plugin-transform-modules-amd-ojRQRoUt/LICENSE'
134 warn cleanup     }
134 warn cleanup   ],
134 warn cleanup   [
134 warn cleanup     '/home/user/node_modules/@babel/.plugin-transform-modules-systemjs-AVDPo1r2',
134 warn cleanup     [Error: EACCES: permission denied, unlink '/home/user/node_modules/@babel/.plugin-transform-modules-systemjs-AVDPo1r2/LICENSE'] {
134 warn cleanup       errno: -13,
134 warn cleanup       code: 'EACCES',
134 warn cleanup       syscall: 'unlink',
134 warn cleanup       path: '/home/user/node_modules/@babel/.plugin-transform-modules-systemjs-AVDPo1r2/LICENSE'
134 warn cleanup     }
134 warn cleanup   ],
134 warn cleanup   [
134 warn cleanup     '/home/user/node_modules/@babel/.plugin-transform-modules-umd-7iOpQ1kb',
134 warn cleanup     [Error: EACCES: permission denied, unlink '/home/user/node_modules/@babel/.plugin-transform-modules-umd-7iOpQ1kb/LICENSE'] {
134 warn cleanup       errno: -13,
134 warn cleanup       code: 'EACCES',
134 warn cleanup       syscall: 'unlink',
134 warn cleanup       path: '/home/user/node_modules/@babel/.plugin-transform-modules-umd-7iOpQ1kb/LICENSE'
134 warn cleanup     }
134 warn cleanup   ],
134 warn cleanup   [
134 warn cleanup     '/home/user/node_modules/@babel/.plugin-transform-new-target-HmihTAq4',
134 warn cleanup     [Error: EACCES: permission denied, unlink '/home/user/node_modules/@babel/.plugin-transform-new-target-HmihTAq4/LICENSE'] {
134 warn cleanup       errno: -13,
134 warn cleanup       code: 'EACCES',
134 warn cleanup       syscall: 'unlink',
134 warn cleanup       path: '/home/user/node_modules/@babel/.plugin-transform-new-target-HmihTAq4/LICENSE'
134 warn cleanup     }
134 warn cleanup   ],
134 warn cleanup   [
134 warn cleanup     '/home/user/node_modules/@babel/.plugin-transform-object-super-W9sFvGFi',
134 warn cleanup     [Error: EACCES: permission denied, unlink '/home/user/node_modules/@babel/.plugin-transform-object-super-W9sFvGFi/LICENSE'] {
134 warn cleanup       errno: -13,
134 warn cleanup       code: 'EACCES',
134 warn cleanup       syscall: 'unlink',
134 warn cleanup       path: '/home/user/node_modules/@babel/.plugin-transform-object-super-W9sFvGFi/LICENSE'
134 warn cleanup     }
134 warn cleanup   ],
134 warn cleanup   [
134 warn cleanup     '/home/user/node_modules/@babel/.plugin-transform-property-literals-TlGL7ywx',
134 warn cleanup     [Error: EACCES: permission denied, unlink '/home/user/node_modules/@babel/.plugin-transform-property-literals-TlGL7ywx/LICENSE'] {
134 warn cleanup       errno: -13,
134 warn cleanup       code: 'EACCES',
134 warn cleanup       syscall: 'unlink',
134 warn cleanup       path: '/home/user/node_modules/@babel/.plugin-transform-property-literals-TlGL7ywx/LICENSE'
134 warn cleanup     }
134 warn cleanup   ],
134 warn cleanup   [
134 warn cleanup     '/home/user/node_modules/@babel/.plugin-transform-regexp-modifiers-MEhaWLma',
134 warn cleanup     [Error: EACCES: permission denied, unlink '/home/user/node_modules/@babel/.plugin-transform-regexp-modifiers-MEhaWLma/LICENSE'] {
134 warn cleanup       errno: -13,
134 warn cleanup       code: 'EACCES',
134 warn cleanup       syscall: 'unlink',
134 warn cleanup       path: '/home/user/node_modules/@babel/.plugin-transform-regexp-modifiers-MEhaWLma/LICENSE'
134 warn cleanup     }
134 warn cleanup   ],
134 warn cleanup   [
134 warn cleanup     '/home/user/node_modules/@babel/.plugin-transform-reserved-words-1Bx5iHXh',
134 warn cleanup     [Error: EACCES: permission denied, unlink '/home/user/node_modules/@babel/.plugin-transform-reserved-words-1Bx5iHXh/LICENSE'] {
134 warn cleanup       errno: -13,
134 warn cleanup       code: 'EACCES',
134 warn cleanup       syscall: 'unlink',
134 warn cleanup       path: '/home/user/node_modules/@babel/.plugin-transform-reserved-words-1Bx5iHXh/LICENSE'
134 warn cleanup     }
134 warn cleanup   ],
134 warn cleanup   [
134 warn cleanup     '/home/user/node_modules/@babel/.plugin-transform-typeof-symbol-0LyEKVN5',
134 warn cleanup     [Error: EACCES: permission denied, unlink '/home/user/node_modules/@babel/.plugin-transform-typeof-symbol-0LyEKVN5/LICENSE'] {
134 warn cleanup       errno: -13,
134 warn cleanup       code: 'EACCES',
134 warn cleanup       syscall: 'unlink',
134 warn cleanup       path: '/home/user/node_modules/@babel/.plugin-transform-typeof-symbol-0LyEKVN5/LICENSE'
134 warn cleanup     }
134 warn cleanup   ],
134 warn cleanup   [
134 warn cleanup     '/home/user/node_modules/@babel/.plugin-transform-unicode-escapes-rZL7VmJe',
134 warn cleanup     [Error: EACCES: permission denied, unlink '/home/user/node_modules/@babel/.plugin-transform-unicode-escapes-rZL7VmJe/LICENSE'] {
134 warn cleanup       errno: -13,
134 warn cleanup       code: 'EACCES',
134 warn cleanup       syscall: 'unlink',
134 warn cleanup       path: '/home/user/node_modules/@babel/.plugin-transform-unicode-escapes-rZL7VmJe/LICENSE'
134 warn cleanup     }
134 warn cleanup   ],
134 warn cleanup   [
134 warn cleanup     '/home/user/node_modules/@babel/.plugin-transform-unicode-property-regex-FhuXFSJu',
134 warn cleanup     [Error: EACCES: permission denied, unlink '/home/user/node_modules/@babel/.plugin-transform-unicode-property-regex-FhuXFSJu/LICENSE'] {
134 warn cleanup       errno: -13,
134 warn cleanup       code: 'EACCES',
134 warn cleanup       syscall: 'unlink',
134 warn cleanup       path: '/home/user/node_modules/@babel/.plugin-transform-unicode-property-regex-FhuXFSJu/LICENSE'
134 warn cleanup     }
134 warn cleanup   ],
134 warn cleanup   [
134 warn cleanup     '/home/user/node_modules/@babel/.plugin-transform-unicode-sets-regex-cskufOr0',
134 warn cleanup     [Error: EACCES: permission denied, unlink '/home/user/node_modules/@babel/.plugin-transform-unicode-sets-regex-cskufOr0/LICENSE'] {
134 warn cleanup       errno: -13,
134 warn cleanup       code: 'EACCES',
134 warn cleanup       syscall: 'unlink',
134 warn cleanup       path: '/home/user/node_modules/@babel/.plugin-transform-unicode-sets-regex-cskufOr0/LICENSE'
134 warn cleanup     }
134 warn cleanup   ],
134 warn cleanup   [
134 warn cleanup     '/home/user/node_modules/@babel/.preset-env-m1wCJcyy',
134 warn cleanup     [Error: EACCES: permission denied, unlink '/home/user/node_modules/@babel/.preset-env-m1wCJcyy/CONTRIBUTING.md'] {
134 warn cleanup       errno: -13,
134 warn cleanup       code: 'EACCES',
134 warn cleanup       syscall: 'unlink',
134 warn cleanup       path: '/home/user/node_modules/@babel/.preset-env-m1wCJcyy/CONTRIBUTING.md'
134 warn cleanup     }
134 warn cleanup   ],
134 warn cleanup   [
134 warn cleanup     '/home/user/node_modules/@babel/.preset-modules-McGiQB6i',
134 warn cleanup     [Error: EACCES: permission denied, unlink '/home/user/node_modules/@babel/.preset-modules-McGiQB6i/LICENSE'] {
134 warn cleanup       errno: -13,
134 warn cleanup       code: 'EACCES',
134 warn cleanup       syscall: 'unlink',
134 warn cleanup       path: '/home/user/node_modules/@babel/.preset-modules-McGiQB6i/LICENSE'
134 warn cleanup     }
134 warn cleanup   ],
134 warn cleanup   [
134 warn cleanup     '/home/user/node_modules/.esutils-QUK7lmGr',
134 warn cleanup     [Error: EACCES: permission denied, unlink '/home/user/node_modules/.esutils-QUK7lmGr/LICENSE.BSD'] {
134 warn cleanup       errno: -13,
134 warn cleanup       code: 'EACCES',
134 warn cleanup       syscall: 'unlink',
134 warn cleanup       path: '/home/user/node_modules/.esutils-QUK7lmGr/LICENSE.BSD'
134 warn cleanup     }
134 warn cleanup   ]
134 warn cleanup ]
135 http fetch GET 200 https://registry.npmjs.org/@remix-run%2fnode 948ms (cache revalidated)
136 silly packumentCache corgi:https://registry.npmjs.org/@remix-run%2fnode set size:1672365 disposed:false
137 silly packumentCache corgi:https://registry.npmjs.org/@expo%2fserver cache-miss
138 http fetch GET 200 https://registry.npmjs.org/@expo%2fserver 79ms (cache revalidated)
139 silly packumentCache corgi:https://registry.npmjs.org/@expo%2fserver set size:69218 disposed:false
140 silly ADD node_modules/expo-video
141 silly ADD node_modules/expo-audio
142 silly ADD
143 silly ADD
144 silly ADD
145 silly ADD
146 silly ADD
147 silly ADD
148 silly ADD
149 silly ADD
150 silly ADD
151 silly REMOVE node_modules/esutils
152 silly REMOVE node_modules/@babel/preset-modules
153 silly REMOVE node_modules/@babel/preset-env
154 silly REMOVE node_modules/@babel/preset-env/node_modules/babel-plugin-polyfill-corejs3
155 silly REMOVE node_modules/@babel/plugin-transform-unicode-sets-regex
156 silly REMOVE node_modules/@babel/plugin-transform-unicode-property-regex
157 silly REMOVE node_modules/@babel/plugin-transform-unicode-escapes
158 silly REMOVE node_modules/@babel/plugin-transform-typeof-symbol
159 silly REMOVE node_modules/@babel/plugin-transform-reserved-words
160 silly REMOVE node_modules/@babel/plugin-transform-regexp-modifiers
161 silly REMOVE node_modules/@babel/plugin-transform-property-literals
162 silly REMOVE node_modules/@babel/plugin-transform-object-super
163 silly REMOVE node_modules/@babel/plugin-transform-new-target
164 silly REMOVE node_modules/@babel/plugin-transform-modules-umd
165 silly REMOVE node_modules/@babel/plugin-transform-modules-systemjs
166 silly REMOVE node_modules/@babel/plugin-transform-modules-amd
167 silly REMOVE node_modules/@babel/plugin-transform-member-expression-literals
168 silly REMOVE node_modules/@babel/plugin-transform-json-strings
169 silly REMOVE node_modules/@babel/plugin-transform-exponentiation-operator
170 silly REMOVE node_modules/@babel/plugin-transform-dynamic-import
171 silly REMOVE node_modules/@babel/plugin-transform-duplicate-named-capturing-groups-regex
172 silly REMOVE node_modules/@babel/plugin-transform-duplicate-keys
173 silly REMOVE node_modules/@babel/plugin-transform-dotall-regex
174 silly REMOVE node_modules/@babel/plugin-transform-class-static-block
175 silly REMOVE node_modules/@babel/plugin-transform-block-scoped-functions
176 silly REMOVE node_modules/@babel/plugin-syntax-unicode-sets-regex
177 silly REMOVE node_modules/@babel/plugin-syntax-import-assertions
178 silly REMOVE node_modules/@babel/plugin-proposal-private-property-in-object
179 silly REMOVE node_modules/@babel/plugin-bugfix-v8-static-class-fields-redefine-readonly
180 silly REMOVE node_modules/@babel/plugin-bugfix-v8-spread-parameters-in-optional-chaining
181 silly REMOVE node_modules/@babel/plugin-bugfix-safari-id-destructuring-collision-in-function-expression
182 silly REMOVE node_modules/@babel/plugin-bugfix-safari-class-field-initializer-scope
183 silly REMOVE node_modules/@babel/plugin-bugfix-firefox-class-in-computed-class-key
184 verbose cwd /home/user
185 verbose os Linux 6.1.102
186 verbose node v20.19.1
187 verbose npm  v10.8.2
188 verbose exit 0
189 info ok
